<?xml version="1.0" encoding="UTF-8"?>
<!-- Generated by org.testng.reporters.JUnitReportReporter -->
<testsuite hostname="DESKTOP-3UVMB4T" failures="0" tests="1" name="Test_Case.T04_LoginPageValidationExcel" time="44.767" errors="0" timestamp="2021-07-08T22:12:08 BDT" skipped="0">
  <testcase classname="Test_Case.T04_LoginPageValidationExcel" name="loginpage" time="44.767"/>
</testsuite> <!-- Test_Case.T04_LoginPageValidationExcel -->
