<?xml version="1.0" encoding="UTF-8"?>
<!-- Generated by org.testng.reporters.JUnitReportReporter -->
<testsuite hostname="DESKTOP-3UVMB4T" failures="0" tests="5" name="Test_Case.T05_LoginPageValidation" time="66.145" errors="0" timestamp="2021-07-08T22:12:08 BDT" skipped="0">
  <testcase classname="Test_Case.T05_LoginPageValidation" name="loadloginURL" time="62.688"/>
  <testcase classname="Test_Case.T05_LoginPageValidation" name="loginpagetitleValidation" time="0.008"/>
  <testcase classname="Test_Case.T05_LoginPageValidation" name="loginFunctionlity" time="2.447"/>
  <testcase classname="Test_Case.T05_LoginPageValidation" name="afterlogintitleValidation" time="0.012"/>
  <testcase classname="Test_Case.T05_LoginPageValidation" name="logoutFuntionlity" time="0.990"/>
</testsuite> <!-- Test_Case.T05_LoginPageValidation -->
