<?xml version="1.0" encoding="UTF-8"?>
<!-- Generated by org.testng.reporters.JUnitReportReporter -->
<testsuite hostname="DESKTOP-3UVMB4T" failures="0" tests="1" name="Test_Case.T02_LoginPageValidation" time="91.395" errors="0" timestamp="2021-07-08T22:12:08 BDT" skipped="0">
  <testcase classname="Test_Case.T02_LoginPageValidation" name="loginpage" time="91.395"/>
</testsuite> <!-- Test_Case.T02_LoginPageValidation -->
